TN:
SF:src/components/button/button.js
FN:4,<static_initializer>
FN:96,EmsButton
FN:105,render
FNF:3
FNH:3
FNDA:4,<static_initializer>
FNDA:26,EmsButton
FNDA:26,render
DA:1,4
DA:2,4
DA:3,4
DA:4,4
DA:5,4
DA:6,4
DA:7,4
DA:8,4
DA:9,4
DA:10,4
DA:11,4
DA:12,4
DA:13,4
DA:14,4
DA:15,4
DA:16,4
DA:17,4
DA:18,4
DA:19,4
DA:20,4
DA:21,4
DA:22,4
DA:23,4
DA:24,4
DA:25,4
DA:26,4
DA:27,4
DA:28,4
DA:29,4
DA:30,4
DA:31,4
DA:32,4
DA:33,4
DA:34,4
DA:35,4
DA:36,4
DA:37,4
DA:38,4
DA:39,4
DA:40,4
DA:41,4
DA:42,4
DA:43,4
DA:44,4
DA:45,4
DA:46,4
DA:47,4
DA:48,4
DA:49,4
DA:50,4
DA:51,4
DA:52,4
DA:53,4
DA:54,4
DA:55,4
DA:56,4
DA:57,4
DA:58,4
DA:59,4
DA:60,4
DA:61,4
DA:62,4
DA:63,4
DA:64,4
DA:65,4
DA:66,4
DA:67,4
DA:68,4
DA:69,4
DA:70,4
DA:71,4
DA:72,4
DA:73,4
DA:74,4
DA:75,4
DA:76,4
DA:77,4
DA:78,4
DA:79,4
DA:80,4
DA:81,4
DA:82,4
DA:83,4
DA:84,4
DA:85,4
DA:86,4
DA:87,4
DA:88,4
DA:89,4
DA:90,4
DA:91,4
DA:92,4
DA:93,4
DA:94,4
DA:95,4
DA:96,4
DA:97,26
DA:98,26
DA:99,26
DA:100,26
DA:101,26
DA:102,26
DA:103,26
DA:104,4
DA:105,4
DA:106,26
DA:107,26
DA:108,26
DA:109,26
DA:110,26
DA:111,26
DA:112,26
DA:113,4
DA:114,4
DA:115,4
LF:115
LH:115
BRDA:1,0,0,4
BRDA:4,1,0,4
BRDA:96,2,0,26
BRDA:105,3,0,26
BRF:4
BRH:4
end_of_record
TN:
SF:src/components/button/index.js
FNF:0
FNH:0
DA:1,4
LF:1
LH:1
BRDA:1,0,0,4
BRF:1
BRH:1
end_of_record
TN:
SF:src/components/card/card.js
FN:4,<static_initializer>
FN:25,render
FNF:2
FNH:2
FNDA:1,<static_initializer>
FNDA:2,render
DA:1,1
DA:2,1
DA:3,1
DA:4,1
DA:5,1
DA:6,1
DA:7,1
DA:8,1
DA:9,1
DA:10,1
DA:11,1
DA:12,1
DA:13,1
DA:14,1
DA:15,1
DA:16,1
DA:17,1
DA:18,1
DA:19,1
DA:20,1
DA:21,1
DA:22,1
DA:23,1
DA:24,1
DA:25,1
DA:26,2
DA:27,2
DA:28,2
DA:29,2
DA:30,2
DA:31,2
DA:32,2
DA:33,2
DA:34,2
DA:35,1
DA:36,1
DA:37,1
LF:37
LH:37
BRDA:1,0,0,1
BRDA:4,1,0,1
BRDA:25,2,0,2
BRF:3
BRH:3
end_of_record
TN:
SF:src/components/card/index.js
FNF:0
FNH:0
DA:1,1
LF:1
LH:1
BRDA:1,0,0,1
BRF:1
BRH:1
end_of_record
TN:
SF:src/components/dialog/dialog.js
FN:4,<static_initializer>
FN:9,EmsDialog
FN:70,show
FN:79,close
FN:88,_handleClose
FN:93,updated
FN:104,render
FNF:7
FNH:7
FNDA:1,<static_initializer>
FNDA:3,EmsDialog
FNDA:1,show
FNDA:1,close
FNDA:1,_handleClose
FNDA:4,updated
FNDA:4,render
DA:1,1
DA:2,1
DA:3,1
DA:4,1
DA:5,1
DA:6,1
DA:7,1
DA:8,1
DA:9,1
DA:10,3
DA:11,3
DA:12,3
DA:13,3
DA:14,1
DA:15,1
DA:16,1
DA:17,1
DA:18,1
DA:19,1
DA:20,1
DA:21,1
DA:22,1
DA:23,1
DA:24,1
DA:25,1
DA:26,1
DA:27,1
DA:28,1
DA:29,1
DA:30,1
DA:31,1
DA:32,1
DA:33,1
DA:34,1
DA:35,1
DA:36,1
DA:37,1
DA:38,1
DA:39,1
DA:40,1
DA:41,1
DA:42,1
DA:43,1
DA:44,1
DA:45,1
DA:46,1
DA:47,1
DA:48,1
DA:49,1
DA:50,1
DA:51,1
DA:52,1
DA:53,1
DA:54,1
DA:55,1
DA:56,1
DA:57,1
DA:58,1
DA:59,1
DA:60,1
DA:61,1
DA:62,1
DA:63,1
DA:64,1
DA:65,1
DA:66,1
DA:67,1
DA:68,1
DA:69,1
DA:70,1
DA:71,1
DA:72,1
DA:73,1
DA:74,1
DA:75,1
DA:76,1
DA:77,1
DA:78,1
DA:79,1
DA:80,1
DA:81,1
DA:82,1
DA:83,1
DA:84,1
DA:85,1
DA:86,1
DA:87,1
DA:88,1
DA:89,1
DA:90,1
DA:91,1
DA:92,1
DA:93,1
DA:94,4
DA:95,4
DA:96,4
DA:97,0
DA:98,4
DA:99,0
DA:100,0
DA:101,4
DA:102,4
DA:103,1
DA:104,1
DA:105,4
DA:106,4
DA:107,4
DA:108,4
DA:109,4
DA:110,4
DA:111,4
DA:112,4
DA:113,4
DA:114,4
DA:115,4
DA:116,4
DA:117,4
DA:118,4
DA:119,4
DA:120,4
DA:121,4
DA:122,4
DA:123,4
DA:124,1
DA:125,1
DA:126,1
LF:126
LH:123
BRDA:1,0,0,1
BRDA:4,1,0,1
BRDA:9,2,0,3
BRDA:70,3,0,1
BRDA:79,4,0,1
BRDA:88,5,0,1
BRDA:93,6,0,4
BRDA:96,7,0,0
BRDA:96,8,0,0
BRDA:96,9,0,0
BRDA:98,10,0,0
BRDA:104,11,0,4
BRF:12
BRH:8
end_of_record
TN:
SF:src/components/dialog/index.js
FNF:0
FNH:0
DA:1,1
LF:1
LH:1
BRDA:1,0,0,1
BRF:1
BRH:1
end_of_record
TN:
SF:src/components/header/header.js
FN:18,<static_initializer>
FN:63,EmsHeader
FN:71,_navigateTo
FN:75,connectedCallback
FN:84,disconnectedCallback
FN:90,<instance_members_initializer>
FN:90,_onRouteChange
FN:95,_handleLanguageToggle
FN:101,render
FNF:9
FNH:6
FNDA:1,<static_initializer>
FNDA:3,EmsHeader
FNDA:0,_navigateTo
FNDA:3,connectedCallback
FNDA:3,disconnectedCallback
FNDA:3,<instance_members_initializer>
FNDA:0,_onRouteChange
FNDA:0,_handleLanguageToggle
FNDA:3,render
DA:1,1
DA:2,1
DA:3,1
DA:4,1
DA:5,1
DA:6,1
DA:7,1
DA:8,1
DA:9,1
DA:10,1
DA:11,1
DA:12,1
DA:13,1
DA:14,1
DA:15,1
DA:16,1
DA:17,1
DA:18,1
DA:19,1
DA:20,1
DA:21,1
DA:22,1
DA:23,1
DA:24,1
DA:25,1
DA:26,1
DA:27,1
DA:28,1
DA:29,1
DA:30,1
DA:31,1
DA:32,1
DA:33,1
DA:34,1
DA:35,1
DA:36,1
DA:37,1
DA:38,1
DA:39,1
DA:40,1
DA:41,1
DA:42,1
DA:43,1
DA:44,1
DA:45,1
DA:46,1
DA:47,1
DA:48,1
DA:49,1
DA:50,1
DA:51,1
DA:52,1
DA:53,1
DA:54,1
DA:55,1
DA:56,1
DA:57,1
DA:58,1
DA:59,1
DA:60,1
DA:61,1
DA:62,1
DA:63,1
DA:64,3
DA:65,3
DA:66,3
DA:67,3
DA:68,3
DA:69,3
DA:70,1
DA:71,1
DA:72,0
DA:73,0
DA:74,1
DA:75,1
DA:76,3
DA:77,3
DA:78,3
DA:79,3
DA:80,0
DA:81,3
DA:82,3
DA:83,1
DA:84,1
DA:85,3
DA:86,3
DA:87,3
DA:88,3
DA:89,1
DA:90,1
DA:91,0
DA:92,0
DA:93,1
DA:94,1
DA:95,1
DA:96,0
DA:97,0
DA:98,0
DA:99,0
DA:100,1
DA:101,1
DA:102,3
DA:103,3
DA:104,3
DA:105,3
DA:106,3
DA:107,3
DA:108,3
DA:109,3
DA:110,3
DA:111,3
DA:112,3
DA:113,3
DA:114,3
DA:115,3
DA:116,3
DA:117,3
DA:118,3
DA:119,3
DA:120,3
DA:121,3
DA:122,3
DA:123,3
DA:124,3
DA:125,3
DA:126,3
DA:127,3
DA:128,3
DA:129,3
DA:130,3
DA:131,3
DA:132,3
DA:133,3
DA:134,3
DA:135,3
DA:136,3
DA:137,3
DA:138,1
DA:139,1
DA:140,1
LF:140
LH:131
BRDA:1,0,0,1
BRDA:18,1,0,1
BRDA:63,2,0,3
BRDA:66,3,0,0
BRDA:75,4,0,3
BRDA:84,5,0,3
BRDA:90,6,0,3
BRDA:101,7,0,3
BRDA:133,8,0,0
BRF:9
BRH:7
end_of_record
TN:
SF:src/components/header/index.js
FNF:0
FNH:0
DA:1,1
LF:1
LH:1
BRDA:1,0,0,1
BRF:1
BRH:1
end_of_record
TN:
SF:src/components/icon/icon.js
FN:6,<static_initializer>
FN:45,EmsIcon
FN:52,render
FNF:3
FNH:3
FNDA:3,<static_initializer>
FNDA:14,EmsIcon
FNDA:14,render
DA:1,3
DA:2,3
DA:3,3
DA:4,3
DA:5,3
DA:6,3
DA:7,3
DA:8,3
DA:9,3
DA:10,3
DA:11,3
DA:12,3
DA:13,3
DA:14,3
DA:15,3
DA:16,3
DA:17,3
DA:18,3
DA:19,3
DA:20,3
DA:21,3
DA:22,3
DA:23,3
DA:24,3
DA:25,3
DA:26,3
DA:27,3
DA:28,3
DA:29,3
DA:30,3
DA:31,3
DA:32,3
DA:33,3
DA:34,3
DA:35,3
DA:36,3
DA:37,3
DA:38,3
DA:39,3
DA:40,3
DA:41,3
DA:42,3
DA:43,3
DA:44,3
DA:45,3
DA:46,14
DA:47,14
DA:48,14
DA:49,14
DA:50,14
DA:51,3
DA:52,3
DA:53,14
DA:54,14
DA:55,14
DA:56,3
DA:57,3
DA:58,3
LF:58
LH:58
BRDA:1,0,0,3
BRDA:6,1,0,3
BRDA:45,2,0,14
BRDA:52,3,0,14
BRF:4
BRH:4
end_of_record
TN:
SF:src/components/icon/icons.js
FNF:0
FNH:0
DA:1,3
DA:2,3
DA:3,3
DA:4,3
DA:5,3
DA:6,3
DA:7,3
DA:8,3
DA:9,3
DA:10,3
DA:11,3
DA:12,3
DA:13,3
DA:14,3
DA:15,3
DA:16,3
DA:17,3
DA:18,3
DA:19,3
DA:20,3
DA:21,3
DA:22,3
DA:23,3
DA:24,3
DA:25,3
DA:26,3
DA:27,3
DA:28,3
DA:29,3
DA:30,3
DA:31,3
DA:32,3
DA:33,3
DA:34,3
DA:35,3
DA:36,3
DA:37,3
DA:38,3
DA:39,3
DA:40,3
DA:41,3
DA:42,3
DA:43,3
DA:44,3
DA:45,3
DA:46,3
DA:47,3
DA:48,3
DA:49,3
DA:50,3
DA:51,3
DA:52,3
DA:53,3
DA:54,3
DA:55,3
DA:56,3
DA:57,3
DA:58,3
DA:59,3
DA:60,3
DA:61,3
DA:62,3
DA:63,3
DA:64,3
DA:65,3
DA:66,3
DA:67,3
DA:68,3
DA:69,3
DA:70,3
DA:71,3
DA:72,3
DA:73,3
DA:74,3
DA:75,3
DA:76,3
DA:77,3
DA:78,3
DA:79,3
DA:80,3
DA:81,3
DA:82,3
DA:83,3
DA:84,3
DA:85,3
DA:86,3
DA:87,3
DA:88,3
DA:89,3
DA:90,3
DA:91,3
DA:92,3
DA:93,3
DA:94,3
DA:95,3
DA:96,3
DA:97,3
DA:98,3
DA:99,3
DA:100,3
DA:101,3
DA:102,3
DA:103,3
DA:104,3
DA:105,3
DA:106,3
DA:107,3
DA:108,3
DA:109,3
DA:110,3
DA:111,3
DA:112,3
DA:113,3
DA:114,3
DA:115,3
DA:116,3
DA:117,3
DA:118,3
DA:119,3
DA:120,3
DA:121,3
DA:122,3
DA:123,3
DA:124,3
DA:125,3
DA:126,3
DA:127,3
DA:128,3
DA:129,3
DA:130,3
DA:131,3
DA:132,3
DA:133,3
DA:134,3
DA:135,3
DA:136,3
DA:137,3
DA:138,3
DA:139,3
DA:140,3
DA:141,3
DA:142,3
DA:143,3
DA:144,3
DA:145,3
DA:146,3
DA:147,3
DA:148,3
DA:149,3
DA:150,3
DA:151,3
DA:152,3
DA:153,3
LF:153
LH:153
BRDA:1,0,0,3
BRF:1
BRH:1
end_of_record
TN:
SF:src/components/icon/index.js
FNF:0
FNH:0
DA:1,3
LF:1
LH:1
BRDA:1,0,0,3
BRF:1
BRH:1
end_of_record
TN:
SF:src/components/input/index.js
FNF:0
FNH:0
DA:1,1
LF:1
LH:1
BRDA:1,0,0,1
BRF:1
BRH:1
end_of_record
TN:
SF:src/components/input/input.js
FN:4,<static_initializer>
FN:33,get formAssociated
FN:39,EmsInput
FN:51,willUpdate
FN:84,get validationMessage
FN:88,get validity
FN:92,checkValidity
FN:96,focus
FN:100,_onInput
FN:105,render
FNF:10
FNH:5
FNDA:1,<static_initializer>
FNDA:1,get formAssociated
FNDA:4,EmsInput
FNDA:5,willUpdate
FNDA:0,get validationMessage
FNDA:0,get validity
FNDA:0,checkValidity
FNDA:0,focus
FNDA:0,_onInput
FNDA:5,render
DA:1,1
DA:2,1
DA:3,1
DA:4,1
DA:5,1
DA:6,1
DA:7,1
DA:8,1
DA:9,1
DA:10,1
DA:11,1
DA:12,1
DA:13,1
DA:14,1
DA:15,1
DA:16,1
DA:17,1
DA:18,1
DA:19,1
DA:20,1
DA:21,1
DA:22,1
DA:23,1
DA:24,1
DA:25,1
DA:26,1
DA:27,1
DA:28,1
DA:29,1
DA:30,1
DA:31,1
DA:32,1
DA:33,1
DA:34,1
DA:35,1
DA:36,1
DA:37,1
DA:38,1
DA:39,1
DA:40,4
DA:41,4
DA:42,4
DA:43,4
DA:44,4
DA:45,4
DA:46,4
DA:47,4
DA:48,4
DA:49,4
DA:50,1
DA:51,1
DA:52,5
DA:53,5
DA:54,5
DA:55,2
DA:56,2
DA:57,2
DA:58,5
DA:59,2
DA:60,2
DA:61,1
DA:62,1
DA:63,1
DA:64,2
DA:65,5
DA:66,0
DA:67,0
DA:68,0
DA:69,0
DA:70,0
DA:71,0
DA:72,5
DA:73,0
DA:74,0
DA:75,0
DA:76,0
DA:77,0
DA:78,0
DA:79,0
DA:80,0
DA:81,2
DA:82,5
DA:83,1
DA:84,1
DA:85,0
DA:86,0
DA:87,1
DA:88,1
DA:89,0
DA:90,0
DA:91,1
DA:92,1
DA:93,0
DA:94,0
DA:95,1
DA:96,1
DA:97,0
DA:98,0
DA:99,1
DA:100,1
DA:101,0
DA:102,0
DA:103,0
DA:104,1
DA:105,1
DA:106,5
DA:107,5
DA:108,5
DA:109,5
DA:110,5
DA:111,5
DA:112,5
DA:113,5
DA:114,5
DA:115,5
DA:116,5
DA:117,5
DA:118,5
DA:119,5
DA:120,5
DA:121,5
DA:122,5
DA:123,1
DA:124,1
DA:125,1
LF:125
LH:100
BRDA:1,0,0,1
BRDA:4,1,0,1
BRDA:33,2,0,1
BRDA:39,3,0,4
BRDA:51,4,0,5
BRDA:54,5,0,4
BRDA:54,6,0,2
BRDA:58,7,0,3
BRDA:58,8,0,2
BRDA:58,9,0,2
BRDA:60,10,0,1
BRDA:65,11,0,2
BRDA:65,12,0,0
BRDA:65,13,0,0
BRDA:72,14,0,2
BRDA:72,15,0,0
BRDA:72,16,0,0
BRDA:81,17,0,2
BRDA:105,18,0,5
BRF:19
BRH:15
end_of_record
TN:
SF:src/components/pagination/index.js
FNF:0
FNH:0
DA:1,1
LF:1
LH:1
BRDA:1,0,0,1
BRF:1
BRH:1
end_of_record
TN:
SF:src/components/pagination/pagination.js
FN:9,<static_initializer>
FN:42,EmsPagination
FN:49,_getPageRange
FN:85,_handlePageChange
FN:100,_renderPageButton
FN:126,_renderNavButton
FN:153,render
FNF:7
FNH:6
FNDA:1,<static_initializer>
FNDA:4,EmsPagination
FNDA:2,_getPageRange
FNDA:0,_handlePageChange
FNDA:8,_renderPageButton
FNDA:4,_renderNavButton
FNDA:4,render
DA:1,1
DA:2,1
DA:3,1
DA:4,1
DA:5,1
DA:6,1
DA:7,1
DA:8,1
DA:9,1
DA:10,1
DA:11,1
DA:12,1
DA:13,1
DA:14,1
DA:15,1
DA:16,1
DA:17,1
DA:18,1
DA:19,1
DA:20,1
DA:21,1
DA:22,1
DA:23,1
DA:24,1
DA:25,1
DA:26,1
DA:27,1
DA:28,1
DA:29,1
DA:30,1
DA:31,1
DA:32,1
DA:33,1
DA:34,1
DA:35,1
DA:36,1
DA:37,1
DA:38,1
DA:39,1
DA:40,1
DA:41,1
DA:42,1
DA:43,4
DA:44,4
DA:45,4
DA:46,4
DA:47,4
DA:48,1
DA:49,1
DA:50,2
DA:51,2
DA:52,2
DA:53,2
DA:54,2
DA:55,0
DA:56,0
DA:57,0
DA:58,0
DA:59,0
DA:60,0
DA:61,0
DA:62,2
DA:63,0
DA:64,0
DA:65,0
DA:66,0
DA:67,0
DA:68,2
DA:69,0
DA:70,0
DA:71,0
DA:72,0
DA:73,0
DA:74,2
DA:75,0
DA:76,0
DA:77,0
DA:78,0
DA:79,0
DA:80,0
DA:81,0
DA:82,0
DA:83,2
DA:84,1
DA:85,1
DA:86,0
DA:87,0
DA:88,0
DA:89,0
DA:90,0
DA:91,0
DA:92,0
DA:93,0
DA:94,0
DA:95,0
DA:96,0
DA:97,0
DA:98,0
DA:99,1
DA:100,1
DA:101,8
DA:102,8
DA:103,8
DA:104,0
DA:105,0
DA:106,0
DA:107,0
DA:108,0
DA:109,0
DA:110,8
DA:111,8
DA:112,8
DA:113,8
DA:114,8
DA:115,8
DA:116,8
DA:117,8
DA:118,8
DA:119,8
DA:120,8
DA:121,8
DA:122,8
DA:123,8
DA:124,8
DA:125,1
DA:126,1
DA:127,4
DA:128,4
DA:129,4
DA:130,4
DA:131,4
DA:132,4
DA:133,4
DA:134,4
DA:135,4
DA:136,4
DA:137,4
DA:138,4
DA:139,4
DA:140,4
DA:141,4
DA:142,4
DA:143,4
DA:144,4
DA:145,4
DA:146,4
DA:147,4
DA:148,4
DA:149,4
DA:150,4
DA:151,4
DA:152,1
DA:153,1
DA:154,4
DA:155,2
DA:156,2
DA:157,2
DA:158,2
DA:159,2
DA:160,2
DA:161,2
DA:162,2
DA:163,2
DA:164,2
DA:165,2
DA:166,2
DA:167,4
DA:168,1
DA:169,1
DA:170,1
LF:170
LH:126
BRDA:1,0,0,1
BRDA:9,1,0,1
BRDA:42,2,0,4
BRDA:49,3,0,2
BRDA:55,4,0,0
BRDA:62,5,0,0
BRDA:68,6,0,0
BRDA:74,7,0,0
BRDA:53,8,0,8
BRDA:100,9,0,8
BRDA:101,10,0,0
BRDA:103,11,0,0
BRDA:126,12,0,4
BRDA:148,13,0,2
BRDA:148,14,0,2
BRDA:153,15,0,4
BRDA:154,16,0,2
BRDA:163,17,0,8
BRF:18
BRH:12
end_of_record
TN:
SF:src/components/select/index.js
FNF:0
FNH:0
DA:1,1
LF:1
LH:1
BRDA:1,0,0,1
BRF:1
BRH:1
end_of_record
TN:
SF:src/components/select/select.js
FN:4,<static_initializer>
FN:35,get formAssociated
FN:41,EmsSelect
FN:49,willUpdate
FN:58,get validationMessage
FN:62,get validity
FN:66,checkValidity
FN:70,focus
FN:74,_onChange
FN:79,render
FNF:10
FNH:5
FNDA:1,<static_initializer>
FNDA:1,get formAssociated
FNDA:4,EmsSelect
FNDA:4,willUpdate
FNDA:0,get validationMessage
FNDA:0,get validity
FNDA:0,checkValidity
FNDA:0,focus
FNDA:0,_onChange
FNDA:4,render
DA:1,1
DA:2,1
DA:3,1
DA:4,1
DA:5,1
DA:6,1
DA:7,1
DA:8,1
DA:9,1
DA:10,1
DA:11,1
DA:12,1
DA:13,1
DA:14,1
DA:15,1
DA:16,1
DA:17,1
DA:18,1
DA:19,1
DA:20,1
DA:21,1
DA:22,1
DA:23,1
DA:24,1
DA:25,1
DA:26,1
DA:27,1
DA:28,1
DA:29,1
DA:30,1
DA:31,1
DA:32,1
DA:33,1
DA:34,1
DA:35,1
DA:36,1
DA:37,1
DA:38,1
DA:39,1
DA:40,1
DA:41,1
DA:42,4
DA:43,4
DA:44,4
DA:45,4
DA:46,4
DA:47,4
DA:48,1
DA:49,1
DA:50,4
DA:51,4
DA:52,1
DA:53,1
DA:54,1
DA:55,3
DA:56,4
DA:57,1
DA:58,1
DA:59,0
DA:60,0
DA:61,1
DA:62,1
DA:63,0
DA:64,0
DA:65,1
DA:66,1
DA:67,0
DA:68,0
DA:69,1
DA:70,1
DA:71,0
DA:72,0
DA:73,1
DA:74,1
DA:75,0
DA:76,0
DA:77,0
DA:78,1
DA:79,1
DA:80,4
DA:81,4
DA:82,4
DA:83,4
DA:84,4
DA:85,4
DA:86,4
DA:87,4
DA:88,4
DA:89,4
DA:90,4
DA:91,4
DA:92,4
DA:93,4
DA:94,6
DA:95,4
DA:96,4
DA:97,4
DA:98,4
DA:99,4
DA:100,1
DA:101,1
DA:102,1
LF:102
LH:91
BRDA:1,0,0,1
BRDA:4,1,0,1
BRDA:35,2,0,1
BRDA:41,3,0,4
BRDA:49,4,0,4
BRDA:51,5,0,1
BRDA:51,6,0,1
BRDA:55,7,0,3
BRDA:79,8,0,4
BRDA:93,9,0,6
BRF:10
BRH:10
end_of_record
TN:
SF:src/components/table/index.js
FNF:0
FNH:0
DA:1,1
LF:1
LH:1
BRDA:1,0,0,1
BRF:1
BRH:1
end_of_record
TN:
SF:src/components/table/table.js
FN:11,<static_initializer>
FN:110,EmsTable
FN:119,_handleSelectRow
FN:139,_handleSelectAll
FN:159,_isRowSelected
FN:163,_areAllRowsSelected
FN:167,_renderCell
FN:183,value
FN:208,_handleAction
FN:216,render
FNF:10
FNH:7
FNDA:1,<static_initializer>
FNDA:5,EmsTable
FNDA:0,_handleSelectRow
FNDA:1,_handleSelectAll
FNDA:4,_isRowSelected
FNDA:4,_areAllRowsSelected
FNDA:6,_renderCell
FNDA:0,value
FNDA:0,_handleAction
FNDA:7,render
DA:1,1
DA:2,1
DA:3,1
DA:4,1
DA:5,1
DA:6,1
DA:7,1
DA:8,1
DA:9,1
DA:10,1
DA:11,1
DA:12,1
DA:13,1
DA:14,1
DA:15,1
DA:16,1
DA:17,1
DA:18,1
DA:19,1
DA:20,1
DA:21,1
DA:22,1
DA:23,1
DA:24,1
DA:25,1
DA:26,1
DA:27,1
DA:28,1
DA:29,1
DA:30,1
DA:31,1
DA:32,1
DA:33,1
DA:34,1
DA:35,1
DA:36,1
DA:37,1
DA:38,1
DA:39,1
DA:40,1
DA:41,1
DA:42,1
DA:43,1
DA:44,1
DA:45,1
DA:46,1
DA:47,1
DA:48,1
DA:49,1
DA:50,1
DA:51,1
DA:52,1
DA:53,1
DA:54,1
DA:55,1
DA:56,1
DA:57,1
DA:58,1
DA:59,1
DA:60,1
DA:61,1
DA:62,1
DA:63,1
DA:64,1
DA:65,1
DA:66,1
DA:67,1
DA:68,1
DA:69,1
DA:70,1
DA:71,1
DA:72,1
DA:73,1
DA:74,1
DA:75,1
DA:76,1
DA:77,1
DA:78,1
DA:79,1
DA:80,1
DA:81,1
DA:82,1
DA:83,1
DA:84,1
DA:85,1
DA:86,1
DA:87,1
DA:88,1
DA:89,1
DA:90,1
DA:91,1
DA:92,1
DA:93,1
DA:94,1
DA:95,1
DA:96,1
DA:97,1
DA:98,1
DA:99,1
DA:100,1
DA:101,1
DA:102,1
DA:103,1
DA:104,1
DA:105,1
DA:106,1
DA:107,1
DA:108,1
DA:109,1
DA:110,1
DA:111,5
DA:112,5
DA:113,5
DA:114,5
DA:115,5
DA:116,5
DA:117,5
DA:118,1
DA:119,1
DA:120,0
DA:121,0
DA:122,0
DA:123,0
DA:124,0
DA:125,0
DA:126,0
DA:127,0
DA:128,0
DA:129,0
DA:130,0
DA:131,0
DA:132,0
DA:133,0
DA:134,0
DA:135,0
DA:136,0
DA:137,0
DA:138,1
DA:139,1
DA:140,1
DA:141,1
DA:142,1
DA:143,1
DA:144,1
DA:145,0
DA:146,0
DA:147,1
DA:148,1
DA:149,1
DA:150,1
DA:151,1
DA:152,1
DA:153,1
DA:154,1
DA:155,1
DA:156,1
DA:157,1
DA:158,1
DA:159,1
DA:160,4
DA:161,4
DA:162,1
DA:163,1
DA:164,4
DA:165,4
DA:166,1
DA:167,1
DA:168,6
DA:169,1
DA:170,1
DA:171,1
DA:172,1
DA:173,1
DA:174,1
DA:175,1
DA:176,1
DA:177,1
DA:178,1
DA:179,1
DA:180,1
DA:181,1
DA:182,1
DA:183,1
DA:184,1
DA:185,1
DA:186,1
DA:187,1
DA:188,1
DA:189,1
DA:190,5
DA:191,5
DA:192,5
DA:193,6
DA:194,0
DA:195,0
DA:196,5
DA:197,6
DA:198,0
DA:199,0
DA:200,5
DA:201,6
DA:202,5
DA:203,5
DA:204,0
DA:205,6
DA:206,6
DA:207,1
DA:208,1
DA:209,0
DA:210,0
DA:211,0
DA:212,0
DA:213,0
DA:214,0
DA:215,1
DA:216,1
DA:217,7
DA:218,7
DA:219,7
DA:220,7
DA:221,7
DA:222,7
DA:223,7
DA:224,4
DA:225,4
DA:226,4
DA:227,4
DA:228,7
DA:229,7
DA:230,7
DA:231,6
DA:232,6
DA:233,6
DA:234,6
DA:235,7
DA:236,7
DA:237,7
DA:238,7
DA:239,7
DA:240,7
DA:241,7
DA:242,6
DA:243,6
DA:244,6
DA:245,4
DA:246,4
DA:247,4
DA:248,4
DA:249,4
DA:250,4
DA:251,6
DA:252,6
DA:253,6
DA:254,6
DA:255,6
DA:256,6
DA:257,6
DA:258,6
DA:259,7
DA:260,7
DA:261,7
DA:262,7
DA:263,7
DA:264,7
DA:265,7
DA:266,1
DA:267,1
DA:268,1
LF:268
LH:237
BRDA:1,0,0,1
BRDA:11,1,0,1
BRDA:110,2,0,5
BRDA:139,3,0,1
BRDA:144,4,0,0
BRDA:143,5,0,1
BRDA:151,6,0,1
BRDA:159,7,0,4
BRDA:163,8,0,4
BRDA:167,9,0,6
BRDA:168,10,0,1
BRDA:190,11,0,5
BRDA:193,12,0,0
BRDA:193,13,0,0
BRDA:196,14,0,5
BRDA:197,15,0,0
BRDA:197,16,0,0
BRDA:200,17,0,5
BRDA:201,18,0,5
BRDA:204,19,0,0
BRDA:216,20,0,7
BRDA:223,21,0,4
BRDA:228,22,0,3
BRDA:230,23,0,6
BRDA:241,24,0,6
BRDA:244,25,0,4
BRDA:251,26,0,2
BRDA:253,27,0,6
BRF:28
BRH:22
end_of_record
TN:
SF:src/components/text/index.js
FNF:0
FNH:0
DA:1,4
LF:1
LH:1
BRDA:1,0,0,4
BRF:1
BRH:1
end_of_record
TN:
SF:src/components/text/text.js
FN:4,<static_initializer>
FN:77,EmsText
FN:84,render
FNF:3
FNH:3
FNDA:4,<static_initializer>
FNDA:51,EmsText
FNDA:51,render
DA:1,4
DA:2,4
DA:3,4
DA:4,4
DA:5,4
DA:6,4
DA:7,4
DA:8,4
DA:9,4
DA:10,4
DA:11,4
DA:12,4
DA:13,4
DA:14,4
DA:15,4
DA:16,4
DA:17,4
DA:18,4
DA:19,4
DA:20,4
DA:21,4
DA:22,4
DA:23,4
DA:24,4
DA:25,4
DA:26,4
DA:27,4
DA:28,4
DA:29,4
DA:30,4
DA:31,4
DA:32,4
DA:33,4
DA:34,4
DA:35,4
DA:36,4
DA:37,4
DA:38,4
DA:39,4
DA:40,4
DA:41,4
DA:42,4
DA:43,4
DA:44,4
DA:45,4
DA:46,4
DA:47,4
DA:48,4
DA:49,4
DA:50,4
DA:51,4
DA:52,4
DA:53,4
DA:54,4
DA:55,4
DA:56,4
DA:57,4
DA:58,4
DA:59,4
DA:60,4
DA:61,4
DA:62,4
DA:63,4
DA:64,4
DA:65,4
DA:66,4
DA:67,4
DA:68,4
DA:69,4
DA:70,4
DA:71,4
DA:72,4
DA:73,4
DA:74,4
DA:75,4
DA:76,4
DA:77,4
DA:78,51
DA:79,51
DA:80,51
DA:81,51
DA:82,51
DA:83,4
DA:84,4
DA:85,51
DA:86,51
DA:87,4
DA:88,4
DA:89,4
LF:89
LH:89
BRDA:1,0,0,4
BRDA:4,1,0,4
BRDA:77,2,0,51
BRDA:84,3,0,51
BRF:4
BRH:4
end_of_record
TN:
SF:src/controllers/i18n-controller.js
FN:4,<static_initializer>
FN:6,I18nController
FN:11,I18nController._onLanguageChanged
FN:17,hostDisconnected
FN:22,t
FN:26,changeLanguage
FNF:6
FNH:5
FNDA:2,<static_initializer>
FNDA:8,I18nController
FNDA:1,I18nController._onLanguageChanged
FNDA:8,hostDisconnected
FNDA:12,t
FNDA:0,changeLanguage
DA:1,2
DA:2,2
DA:3,2
DA:4,2
DA:5,2
DA:6,2
DA:7,8
DA:8,8
DA:9,8
DA:10,8
DA:11,8
DA:12,1
DA:13,8
DA:14,8
DA:15,8
DA:16,2
DA:17,2
DA:18,8
DA:19,8
DA:20,8
DA:21,2
DA:22,2
DA:23,12
DA:24,12
DA:25,2
DA:26,2
DA:27,0
DA:28,0
DA:29,2
LF:29
LH:27
BRDA:1,0,0,2
BRDA:4,1,0,2
BRDA:6,2,0,8
BRDA:17,3,0,8
BRDA:22,4,0,12
BRDA:11,5,0,4
BRF:6
BRH:6
end_of_record
TN:
SF:src/controllers/index.js
FNF:0
FNH:0
DA:1,2
LF:1
LH:1
BRDA:1,0,0,2
BRF:1
BRH:1
end_of_record
TN:
SF:src/i18n/index.js
FNF:0
FNH:0
DA:1,2
LF:1
LH:1
BRDA:1,0,0,2
BRF:1
BRH:1
end_of_record
TN:
SF:src/i18n/setup.js
FN:5,initI18n
FNF:1
FNH:1
FNDA:2,initI18n
DA:1,2
DA:2,2
DA:3,2
DA:4,2
DA:5,2
DA:6,2
DA:7,2
DA:8,2
DA:9,2
DA:10,2
DA:11,2
DA:12,2
DA:13,2
DA:14,2
DA:15,2
DA:16,2
DA:17,2
DA:18,2
DA:19,2
DA:20,2
DA:21,2
DA:22,2
DA:23,2
DA:24,2
LF:24
LH:24
BRDA:1,0,0,2
BRDA:5,1,0,2
BRF:2
BRH:2
end_of_record
TN:
SF:src/store/index.js
FNF:0
FNH:0
DA:1,2
LF:1
LH:1
BRDA:1,0,0,2
BRF:1
BRH:1
end_of_record
TN:
SF:src/store/store.js
FN:6,persist.name
FN:8,setLanguage
FN:12,setLoading
FN:13,setError
FN:17,fetchEmployees
FN:35,getEmployees
FN:38,getEmployeeById
FN:47,addEmployee
FN:52,updateEmployee
FN:59,deleteEmployee
FN:67,partialize
FNF:11
FNH:6
FNDA:3,persist.name
FNDA:1,setLanguage
FNDA:0,setLoading
FNDA:0,setError
FNDA:0,fetchEmployees
FNDA:0,getEmployees
FNDA:0,getEmployeeById
FNDA:3,addEmployee
FNDA:1,updateEmployee
FNDA:1,deleteEmployee
FNDA:11,partialize
DA:1,3
DA:2,3
DA:3,3
DA:4,3
DA:5,3
DA:6,3
DA:7,3
DA:8,3
DA:9,3
DA:10,3
DA:11,3
DA:12,3
DA:13,3
DA:14,3
DA:15,3
DA:16,3
DA:17,3
DA:18,0
DA:19,0
DA:20,0
DA:21,0
DA:22,0
DA:23,0
DA:24,0
DA:25,0
DA:26,0
DA:27,0
DA:28,0
DA:29,0
DA:30,0
DA:31,0
DA:32,0
DA:33,0
DA:34,3
DA:35,3
DA:36,0
DA:37,3
DA:38,3
DA:39,0
DA:40,0
DA:41,0
DA:42,0
DA:43,0
DA:44,0
DA:45,0
DA:46,3
DA:47,3
DA:48,3
DA:49,3
DA:50,3
DA:51,3
DA:52,3
DA:53,1
DA:54,1
DA:55,1
DA:56,1
DA:57,1
DA:58,3
DA:59,3
DA:60,1
DA:61,1
DA:62,1
DA:63,3
DA:64,3
DA:65,3
DA:66,3
DA:67,3
DA:68,11
DA:69,11
DA:70,3
DA:71,3
DA:72,3
DA:73,3
LF:73
LH:49
BRDA:1,0,0,3
BRDA:6,1,0,3
BRDA:8,2,0,3
BRDA:47,3,0,5
BRDA:48,4,0,5
BRDA:52,5,0,3
BRDA:53,6,0,3
BRDA:54,7,0,3
BRDA:55,8,0,2
BRDA:59,9,0,3
BRDA:60,10,0,3
BRDA:61,11,0,3
BRDA:67,12,0,13
BRF:13
BRH:13
end_of_record
TN:
SF:src/utils/index.js
FNF:0
FNH:0
DA:1,2
LF:1
LH:1
BRDA:1,0,0,2
BRF:1
BRH:1
end_of_record
TN:
SF:src/utils/utils.js
FN:1,formatDate
FN:7,formatPhoneNumber
FN:22,formatDateForInput
FN:28,formatText
FN:38,parseDate
FN:44,parsePhoneNumber
FNF:6
FNH:6
FNDA:3,formatDate
FNDA:3,formatPhoneNumber
FNDA:2,formatDateForInput
FNDA:8,formatText
FNDA:2,parseDate
FNDA:2,parsePhoneNumber
DA:1,2
DA:2,3
DA:3,1
DA:4,1
DA:5,2
DA:6,2
DA:7,2
DA:8,3
DA:9,3
DA:10,3
DA:11,1
DA:12,3
DA:13,1
DA:14,1
DA:15,3
DA:16,3
DA:17,3
DA:18,2
DA:19,2
DA:20,2
DA:21,2
DA:22,2
DA:23,2
DA:24,1
DA:25,1
DA:26,2
DA:27,2
DA:28,2
DA:29,8
DA:30,8
DA:31,6
DA:32,6
DA:33,6
DA:34,6
DA:35,6
DA:36,2
DA:37,2
DA:38,2
DA:39,2
DA:40,1
DA:41,1
DA:42,2
DA:43,2
DA:44,2
DA:45,2
DA:46,2
DA:47,2
DA:48,2
DA:49,2
DA:50,2
DA:51,2
DA:52,1
DA:53,1
DA:54,2
LF:54
LH:54
BRDA:1,0,0,2
BRDA:28,1,0,8
BRDA:29,2,0,1
BRDA:30,3,0,1
BRDA:34,4,0,7
BRDA:1,5,0,4
BRDA:2,6,0,3
BRDA:3,7,0,2
BRDA:7,8,0,4
BRDA:10,9,0,2
BRDA:12,10,0,3
BRDA:12,11,0,3
BRDA:17,12,0,2
BRDA:18,13,0,3
BRDA:22,14,0,3
BRDA:23,15,0,2
BRDA:30,16,0,7
BRDA:30,17,0,6
BRDA:38,18,0,3
BRDA:39,19,0,2
BRDA:44,20,0,3
BRDA:45,21,0,1
BRDA:49,22,0,2
BRDA:50,23,0,1
BRDA:51,24,0,2
BRDA:51,25,0,1
BRDA:52,26,0,2
BRF:27
BRH:27
end_of_record
